**********************
Windows PowerShell transcript start
Start time: 20240326100221
Username: 4DCC0F593AFC5E4\Administrator
RunAs User: 4DCC0F593AFC5E4\Administrator
Configuration Name: 
Machine: 4DCC0F593AFC5E4 (Microsoft Windows NT 10.0.19045.0)
Host Application: C:\Windows\System32\WindowsPowerShell\v1.0\powershell.exe
Process ID: 5752
PSVersion: 5.1.19041.4046
PSEdition: Desktop
PSCompatibleVersions: 1.0, 2.0, 3.0, 4.0, 5.0, 5.1.19041.4046
BuildVersion: 10.0.19041.4046
CLRVersion: 4.0.30319.42000
WSManStackVersion: 3.0
PSRemotingProtocolVersion: 2.3
SerializationVersion: 1.1.0.1
**********************
Transcript started, output file is gautham.log
PS C:\Users\Administrator> New-Item -Path "C:\Users\Administrator\Desktop\UST Automation Training" -Name 'QA-Training' -ItemType Directory


    Directory: C:\Users\Administrator\Desktop\UST Automation Training


Mode                 LastWriteTime         Length Name
----                 -------------         ------ ----
d-----        26-03-2024     10:03                QA-Training


PS C:\Users\Administrator> git --version
git version 2.44.0.windows.1
PS C:\Users\Administrator> git clone https://github.com/sureshnanjan/ust-global-training2024.git
Cloning into 'ust-global-training2024'...
remote: Enumerating objects: 33, done.
remote: Counting objects: 100% (33/33), done.
remote: Compressing objects: 100% (30/30), done.
remote: Total 33 (delta 8), reused 24 (delta 2), pack-reused 0
Receiving objects: 100% (33/33), 8.12 KiB | 1.35 MiB/s, done.
Resolving deltas: 100% (8/8), done.
PS C:\Users\Administrator> Set-Location ust-global-training2024
PS C:\Users\Administrator\ust-global-training2024> git status
On branch main
Your branch is up to date with 'origin/main'.

nothing to commit, working tree clean
PS C:\Users\Administrator\ust-global-training2024> git checkout -b gautham-branch
Switched to a new branch 'gautham-branch'
PS C:\Users\Administrator\ust-global-training2024> Stop-Transcript
**********************
Windows PowerShell transcript end
End time: 20240326101215
**********************
