**********************
Windows PowerShell transcript start
Start time: 20240326163813
Username: 260EA4AA1B3150A\Administrator
RunAs User: 260EA4AA1B3150A\Administrator
Configuration Name: 
Machine: 260EA4AA1B3150A (Microsoft Windows NT 10.0.19045.0)
Host Application: C:\Windows\System32\WindowsPowerShell\v1.0\powershell.exe
Process ID: 4556
PSVersion: 5.1.19041.4046
PSEdition: Desktop
PSCompatibleVersions: 1.0, 2.0, 3.0, 4.0, 5.0, 5.1.19041.4046
BuildVersion: 10.0.19041.4046
CLRVersion: 4.0.30319.42000
WSManStackVersion: 3.0
PSRemotingProtocolVersion: 2.3
SerializationVersion: 1.1.0.1
**********************
Transcript started, output file is hrishi.log
PS C:\Users\Administrator> New-Item -Path "C:\Users\Administrator\Desktop\QA Automation" -Name 'QA-Training5' -ItemType Directory


    Directory: C:\Users\Administrator\Desktop\QA Automation


Mode                 LastWriteTime         Length Name
----                 -------------         ------ ----
d-----        26-03-2024     16:39                QA-Training5


PS C:\Users\Administrator> git --version
git version 2.44.0.windows.1
PS C:\Users\Administrator> git clone https://github.com/sureshnanjan/ust-global-training2024.git
Cloning into 'ust-global-training2024'...
remote: Enumerating objects: 110, done.
remote: Counting objects: 100% (110/110), done.
remote: Compressing objects: 100% (99/99), done.
remote: Total 110 (delta 43), reused 73 (delta 9), pack-reused 0
Receiving objects: 100% (110/110), 24.26 KiB | 1.73 MiB/s, done.
Resolving deltas: 100% (43/43), done.
PS C:\Users\Administrator> ls


    Directory: C:\Users\Administrator


Mode                 LastWriteTime         Length Name
----                 -------------         ------ ----
d-----        31-10-2023     16:55                .android
d-----        01-11-2023     06:57                .appium
d-----        11-03-2024     12:52                .cache
d-----        31-10-2023     15:33                .dotnet
d-----        11-03-2024     17:10                .eclipse
d-----        31-10-2023     16:54                .gradle
d-----        05-03-2024     16:34                .librarymanager
d-----        11-03-2024     15:30                .m2
d-----        11-03-2024     18:01                .p2
d-----        31-10-2023     15:54                .templateengine
d-----        11-03-2024     11:04                .vscode
d-r---        16-10-2022     16:41                3D Objects
d-----        31-10-2023     16:52                AndroidStudioProjects
d-r---        16-10-2022     16:41                Contacts
d-r---        25-03-2024     14:07                Desktop
d-r---        05-03-2024     14:16                Documents
d-r---        24-03-2024     13:13                Downloads
d-----        11-03-2024     11:17                eclipse
d-----        11-03-2024     11:48                eclipse-workspace
d-r---        16-10-2022     16:41                Favorites
d-r---        16-10-2022     16:41                Links
d-r---        16-10-2022     16:41                Music
d-r---        16-10-2022     16:42                OneDrive
d-r---        16-10-2022     16:42                Pictures
d-----        11-03-2024     10:47                Postman
d-r---        16-10-2022     16:41                Saved Games
d-r---        16-10-2022     16:42                Searches
d-----        31-10-2023     16:22                source
d-----        23-02-2023     16:52                Tracing
d-----        26-03-2024     16:42                ust-global-training2024
d-r---        22-02-2023     15:44                Videos
-a----        26-03-2024     10:45       65350776 git-installer.exe
-a----        26-03-2024     16:38              0 hrishi.log
-a----        26-03-2024     10:26           1924 hrishikesh.log


PS C:\Users\Administrator> cd ust-global-training2024
PS C:\Users\Administrator\ust-global-training2024> git status
On branch main
Your branch is up to date with 'origin/main'.

nothing to commit, working tree clean
PS C:\Users\Administrator\ust-global-training2024> git chechout -b hrishi-branch
git: 'chechout' is not a git command. See 'git --help'.

The most similar command is
        checkout
PS C:\Users\Administrator\ust-global-training2024> git status
On branch main
Your branch is up to date with 'origin/main'.

nothing to commit, working tree clean
PS C:\Users\Administrator\ust-global-training2024> Stop-Transcript
**********************
Windows PowerShell transcript end
End time: 20240326164604
**********************
