**********************
Windows PowerShell transcript start
Start time: 20240326001913
Username: 4CA89C0F906F5BB\Administrator
RunAs User: 4CA89C0F906F5BB\Administrator
Configuration Name: 
Machine: 4CA89C0F906F5BB (Microsoft Windows NT 10.0.19045.0)
Host Application: C:\Windows\System32\WindowsPowerShell\v1.0\powershell.exe
Process ID: 5052
PSVersion: 5.1.19041.4046
PSEdition: Desktop
PSCompatibleVersions: 1.0, 2.0, 3.0, 4.0, 5.0, 5.1.19041.4046
BuildVersion: 10.0.19041.4046
CLRVersion: 4.0.30319.42000
WSManStackVersion: 3.0
PSRemotingProtocolVersion: 2.3
SerializationVersion: 1.1.0.1
**********************
Transcript started, output file is Renjitha_user.log
PS C:\Users\Administrator\ust-global-training2024> Stop-Transcript
**********************
Windows PowerShell transcript end
End time: 20240326001928
**********************

